<?xml version="1.0" encoding="UTF-8"?>
<!-- Generated by org.testng.reporters.JUnitReportReporter -->
<testsuite hostname="ssce-PC" name="testNGsamples.Annotationa" tests="2" failures="0" timestamp="30 Jul 2016 21:52:32 GMT" time="0.032" errors="0">
  <testcase name="ApplePhone" time="0.023" classname="testNGsamples.Annotationa"/>
  <testcase name="GmailLogin" time="0.009" classname="testNGsamples.Annotationa"/>
</testsuite> <!-- testNGsamples.Annotationa -->
