<?xml version="1.0" encoding="UTF-8"?>
<!-- Generated by org.testng.reporters.JUnitReportReporter -->
<testsuite hostname="ssce-PC" name="testNGsamples.BeforeAndAfterMethod" tests="2" failures="0" timestamp="30 Jul 2016 23:54:48 GMT" time="0.058" errors="0">
  <testcase name="BillPayMent" time="0.055" classname="testNGsamples.BeforeAndAfterMethod"/>
  <testcase name="FundTransfer" time="0.003" classname="testNGsamples.BeforeAndAfterMethod"/>
</testsuite> <!-- testNGsamples.BeforeAndAfterMethod -->
