<?xml version="1.0" encoding="UTF-8"?>
<!-- Generated by org.testng.reporters.JUnitReportReporter -->
<testsuite hostname="ssce-PC" name="testNGsamples.annotatin1" tests="4" failures="0" timestamp="30 Jul 2016 23:50:31 GMT" time="0.068" errors="0">
  <testcase name="FundTransfer" time="0.002" classname="testNGsamples.annotatin1"/>
  <testcase name="Logout" time="0.003" classname="testNGsamples.annotatin1"/>
  <testcase name="BillPayMent" time="0.003" classname="testNGsamples.annotatin1"/>
  <testcase name="Login" time="0.060" classname="testNGsamples.annotatin1"/>
</testsuite> <!-- testNGsamples.annotatin1 -->
